<?xml version="1.0" encoding="UTF-8"?>
<testng-results ignored="0" total="1" passed="1" failed="0" skipped="0">
  <reporter-output>
  </reporter-output>
  <suite started-at="2025-04-06T10:56:28Z" name="Default suite" finished-at="2025-04-06T10:57:43Z" duration-ms="74650">
    <groups>
    </groups>
    <test started-at="2025-04-06T10:56:28Z" name="Default test" finished-at="2025-04-06T10:57:43Z" duration-ms="74650">
      <class name="main.MainPageTests">
        <test-method is-config="true" signature="setUp()[pri:0, instance:main.MainPageTests@72cc7e6f]" started-at="2025-04-06T10:56:28Z" name="setUp" finished-at="2025-04-06T10:56:42Z" duration-ms="14119" status="PASS">
          <reporter-output>
          </reporter-output>
        </test-method> <!-- setUp -->
        <test-method is-config="true" signature="goHome()[pri:0, instance:main.MainPageTests@72cc7e6f]" started-at="2025-04-06T10:56:42Z" name="goHome" finished-at="2025-04-06T10:56:46Z" duration-ms="3282" status="PASS">
          <reporter-output>
          </reporter-output>
        </test-method> <!-- goHome -->
        <test-method signature="SuccessfulScenario()[pri:0, instance:main.MainPageTests@72cc7e6f]" started-at="2025-04-06T10:56:46Z" name="SuccessfulScenario" finished-at="2025-04-06T10:57:34Z" duration-ms="48316" status="PASS">
          <reporter-output>
          </reporter-output>
        </test-method> <!-- SuccessfulScenario -->
        <test-method is-config="true" signature="ShutDown()[pri:0, instance:main.MainPageTests@72cc7e6f]" started-at="2025-04-06T10:57:34Z" name="ShutDown" finished-at="2025-04-06T10:57:43Z" duration-ms="8859" status="PASS">
          <reporter-output>
          </reporter-output>
        </test-method> <!-- ShutDown -->
      </class> <!-- main.MainPageTests -->
    </test> <!-- Default test -->
  </suite> <!-- Default suite -->
</testng-results>
